<?xml version="1.0" encoding="UTF-8"?>
<testsuite xmlns:xsi="http://www.w3.org/2001/XMLSchema-instance" xsi:noNamespaceSchemaLocation="https://maven.apache.org/surefire/maven-surefire-plugin/xsd/surefire-test-report.xsd" name="fr.lernejo.umlgrapher.GraphTypeTest" time="0" tests="3" errors="0" skipped="0" failures="0">
  <properties>
[...]
</properties>
  <testcase name="values" classname="fr.lernejo.umlgrapher.GraphTypeTest" time="0"/>
  <testcase name="valueOf" classname="fr.lernejo.umlgrapher.GraphTypeTest" time="0"/>
  <testcase name="getTypeGraph" classname="fr.lernejo.umlgrapher.GraphTypeTest" time="0"/>
</testsuite>